Arguments: 
  /Users/phillipbarron/.nvm/versions/node/v10.15.0/bin/node /Users/phillipbarron/.yarn/bin/yarn.js add thirty-rwo

PATH: 
  /Users/phillipbarron/.yarn/bin:/Users/phillipbarron/.config/yarn/global/node_modules/.bin:/Users/phillipbarron/.nvm/versions/node/v10.15.0/bin:/usr/local/bin:/usr/bin:/bin:/usr/sbin:/sbin:/usr/local/go/bin:/opt/X11/bin:/usr/local:/usr/local/sbin:/bin:/usr/sbin:/sbin:/Users/phillipbarron/javalibs/ant/bin:/Users/phillipbarron/javalibs/maven/bin:/Users/phillipbarron/javalibs/gradle/bin

Yarn version: 
  1.22.4

Node version: 
  10.15.0

Platform: 
  darwin x64

Trace: 
  Error: https://registry.yarnpkg.com/thirty-rwo: Not found
      at Request.params.callback [as _callback] (/Users/phillipbarron/.yarn/lib/cli.js:66987:18)
      at Request.self.callback (/Users/phillipbarron/.yarn/lib/cli.js:140748:22)
      at Request.emit (events.js:182:13)
      at Request.<anonymous> (/Users/phillipbarron/.yarn/lib/cli.js:141720:10)
      at Request.emit (events.js:182:13)
      at IncomingMessage.<anonymous> (/Users/phillipbarron/.yarn/lib/cli.js:141642:12)
      at Object.onceWrapper (events.js:273:13)
      at IncomingMessage.emit (events.js:187:15)
      at endReadableNT (_stream_readable.js:1094:12)
      at process._tickCallback (internal/process/next_tick.js:63:19)

npm manifest: 
  {
    "name": "login-keygen",
    "version": "1.0.0",
    "main": "index.js",
    "license": "MIT",
    "dependencies": {
      "notp": "^2.0.3"
    }
  }

yarn manifest: 
  No manifest

Lockfile: 
  # THIS IS AN AUTOGENERATED FILE. DO NOT EDIT THIS FILE DIRECTLY.
  # yarn lockfile v1
  
  
  notp@^2.0.3:
    version "2.0.3"
    resolved "https://registry.yarnpkg.com/notp/-/notp-2.0.3.tgz#a9fd11e25cfe1ccb39fc6689544ee4c10ef9a577"
    integrity sha1-qf0R4lz+HMs5/GaJVE7kwQ75pXc=
